18.685468Z,33.5
21.171630Z,33.25
23.673088Z,34.0
26.171246Z,34.0
28.671228Z,33.75
31.196013Z,33.75
33.695729Z,34.0
36.220629Z,34.25
38.722741Z,33.75
41.220390Z,33.5
43.520255Z,34.25
46.145037Z,34.5
48.674722Z,34.5
51.171002Z,34.5
53.669301Z,35.0
56.198874Z,35.0
58.718999Z,34.5
00.993787Z,35.0
03.493797Z,35.0
05.993730Z,35.25
08.493536Z,35.5
10.993374Z,36.25
13.493049Z,36.5
15.992950Z,36.25
18.492837Z,37.0
20.993112Z,37.25
23.517419Z,37.5
26.042736Z,36.75
28.569420Z,37.5
31.167449Z,38.0
33.666625Z,38.25
36.168027Z,38.0
38.666114Z,38.25
41.165983Z,38.5
43.565821Z,38.25
46.223789Z,38.25
48.640498Z,38.5
51.018321Z,39.0
53.515406Z,39.0
56.015417Z,39.0
58.515075Z,39.0
01.164663Z,38.75
03.664146Z,38.75
06.164320Z,39.25
08.664348Z,39.5
11.190502Z,39.25
13.689000Z,39.0
16.188832Z,39.75
18.513326Z,39.75
21.163369Z,40.25
23.663270Z,41.5
26.163232Z,43.25
28.662991Z,45.0
31.162685Z,47.0
33.662357Z,50.0
36.162333Z,53.25
38.712826Z,56.5
40.990942Z,60.25
43.486830Z,65.0
45.986872Z,69.5
48.511552Z,74.25
51.011378Z,79.0
53.675021Z,84.0
56.210725Z,89.25
58.486793Z,94.0
01.010543Z,99.75
03.560290Z,104.75
06.060111Z,110.0
08.560001Z,114.75
11.059756Z,120.0
13.562010Z,125.0
16.084409Z,129.25
18.634220Z,134.75
21.159018Z,139.25
23.658939Z,143.75
26.158754Z,148.0
28.683923Z,152.0
31.208277Z,156.5
33.759955Z,160.5
36.008162Z,163.75
38.508123Z,168.0
41.007868Z,172.0
43.532653Z,175.5
46.035753Z,178.75
48.532444Z,182.75
51.032302Z,186.25
53.632106Z,189.0
56.132188Z,192.75
58.631804Z,195.75
01.131584Z,199.0
03.656163Z,201.75
06.156034Z,205.0
08.655844Z,207.75
11.180608Z,210.75
13.680530Z,213.25
16.180345Z,215.75
18.680210Z,218.5
21.183718Z,219.25
23.729816Z,220.25
26.231644Z,220.75
28.729579Z,220.5
31.029214Z,219.25
33.529197Z,219.5
36.028957Z,218.5
38.528893Z,217.75
41.053512Z,217.0
43.553498Z,215.75
46.078359Z,214.5
48.578745Z,213.25
51.077868Z,211.75
53.577772Z,211.0
56.077699Z,209.75
58.577375Z,208.25
01.077341Z,207.5
03.577067Z,206.25
06.176936Z,205.25
08.676703Z,203.5
11.176546Z,202.0
13.681654Z,200.75
16.202685Z,199.25
18.701160Z,198.5
21.200789Z,197.75
23.701188Z,197.0
26.225445Z,196.0
28.500414Z,194.5
31.000338Z,193.75
33.526925Z,191.75
36.025289Z,191.25
38.525448Z,190.25
41.049607Z,189.0
43.574712Z,188.0
46.074207Z,186.75
48.573993Z,186.0
51.098719Z,184.75
53.599414Z,183.0
56.098472Z,182.25
58.623260Z,181.0
01.122984Z,180.25
03.623017Z,178.75
06.122628Z,178.0
08.672635Z,176.75
11.197532Z,175.25
13.697454Z,174.5
16.222129Z,173.75
18.721914Z,173.0
21.221806Z,171.75
23.723903Z,170.5
26.221515Z,170.25
28.722086Z,168.75
31.221199Z,167.75
33.721940Z,167.25
36.221279Z,166.25
38.720484Z,165.0
41.220574Z,163.75
43.522465Z,163.25
46.020521Z,162.0
48.519819Z,160.75
51.020121Z,160.5
53.532960Z,159.75
56.019286Z,158.75
58.544941Z,157.75
01.069779Z,157.25
03.569306Z,156.5
06.068665Z,155.25
08.573130Z,154.75
11.094199Z,154.0
13.618486Z,153.0
16.143052Z,152.0
18.667733Z,151.25
21.167717Z,150.75
23.694084Z,149.75
26.192378Z,148.5
28.492217Z,147.75
31.017125Z,147.5
33.519460Z,146.75
36.041483Z,145.75
38.541635Z,145.25
41.041422Z,144.5
43.541213Z,143.0
46.043454Z,142.75
48.615670Z,142.25
51.169598Z,141.75
53.717483Z,140.5
55.990951Z,140.25
58.545029Z,139.5
01.039983Z,138.75
03.540467Z,138.0
06.064472Z,137.5
08.568995Z,136.75
11.064407Z,135.5
13.649776Z,135.25
16.088793Z,134.75
18.589419Z,134.0
21.113603Z,133.25
23.616835Z,132.75
26.113101Z,132.0
28.613030Z,131.0
31.137759Z,130.5
33.662764Z,130.25
36.162510Z,129.75
38.663132Z,128.75
41.187312Z,128.25
43.687194Z,127.75
46.211745Z,127.25
48.712555Z,126.25
51.212323Z,126.0
53.486493Z,125.25
56.011161Z,124.75
58.511178Z,124.0
01.011616Z,123.75
03.510845Z,123.25
06.010439Z,122.25
08.510297Z,122.0
11.037867Z,121.5
13.559890Z,121.0
16.059940Z,120.0
18.560953Z,119.75
21.060073Z,119.5
23.609209Z,118.5
26.134109Z,118.0
28.708833Z,117.75
31.209274Z,117.0
33.708477Z,116.75
36.210756Z,116.25
38.708648Z,115.75
41.208110Z,114.75
43.707713Z,114.25
46.207694Z,114.25
48.707676Z,113.75
50.984999Z,113.25
53.507417Z,112.5
56.007214Z,112.25
58.508035Z,111.75
01.056735Z,111.0
03.581405Z,111.0
06.156506Z,110.75
08.656418Z,110.25
11.202497Z,109.5
13.660123Z,109.25
16.155800Z,108.75
18.656082Z,108.0
21.155297Z,107.25
23.655553Z,107.5
26.155161Z,107.25
28.680549Z,106.5
31.181912Z,106.0
33.679272Z,106.0
36.179438Z,105.25
38.504236Z,104.75
41.004022Z,104.75
43.510620Z,104.25
